Build started 2018/6/8 18:34:44.
     1>Project "F:\cydex.data\mio\winbuild\mio.vcxproj" on node 2 (Rebuild target(s)).
     1>ClCompile:
         D:\Program Files\Microsoft Visual Studio 12.0\VC\bin\CL.exe /c /Ipthread\include /I..\ /I"D:\Program Files (x86)\Visual Leak Detector\include" /ZI /nologo /W3 /WX- /Od /Oy- /D WIN32 /D _DEBUG /D _WINDOWS /D _USRDLL /D MIO_EXPORTS /D WIN32_LEAN_AND_MEAN /D _WINDLL /D _UNICODE /D UNICODE /Gm /EHsc /RTC1 /MDd /GS /fp:precise /Zc:wchar_t /Zc:forScope /Fo"Debug\\" /Fd"Debug\vc120.pdb" /Gd /TC /analyze- /errorReport:prompt ..\file.c ..\mio.c ..\threadpoll.c ..\tlv.c
         tlv.c
     1>f:\cydex.data\mio\tlv.h : warning C4819: The file contains a character that cannot be represented in the current code page (936). Save the file in Unicode format to prevent data loss
         threadpoll.c
         mio.c
     1>f:\cydex.data\mio\tlv.h : warning C4819: The file contains a character that cannot be represented in the current code page (936). Save the file in Unicode format to prevent data loss
     1>f:\cydex.data\mio\mio.c(147): warning C4018: '<' : signed/unsigned mismatch
     1>f:\cydex.data\mio\mio.c(164): warning C4018: '<' : signed/unsigned mismatch
     1>f:\cydex.data\mio\mio.c(169): warning C4996: 'strncpy': This function or variable may be unsafe. Consider using strncpy_s instead. To disable deprecation, use _CRT_SECURE_NO_WARNINGS. See online help for details.
                 d:\program files\microsoft visual studio 12.0\vc\include\string.h(195) : see declaration of 'strncpy'
     1>f:\cydex.data\mio\mio.c(173): warning C4996: 'strncpy': This function or variable may be unsafe. Consider using strncpy_s instead. To disable deprecation, use _CRT_SECURE_NO_WARNINGS. See online help for details.
                 d:\program files\microsoft visual studio 12.0\vc\include\string.h(195) : see declaration of 'strncpy'
     1>f:\cydex.data\mio\mio.c(187): warning C4018: '<' : signed/unsigned mismatch
     1>f:\cydex.data\mio\mio.c(194): warning C4018: '<' : signed/unsigned mismatch
     1>f:\cydex.data\mio\mio.c(196): warning C4996: 'strncpy': This function or variable may be unsafe. Consider using strncpy_s instead. To disable deprecation, use _CRT_SECURE_NO_WARNINGS. See online help for details.
                 d:\program files\microsoft visual studio 12.0\vc\include\string.h(195) : see declaration of 'strncpy'
     1>f:\cydex.data\mio\mio.c(199): warning C4996: 'strncpy': This function or variable may be unsafe. Consider using strncpy_s instead. To disable deprecation, use _CRT_SECURE_NO_WARNINGS. See online help for details.
                 d:\program files\microsoft visual studio 12.0\vc\include\string.h(195) : see declaration of 'strncpy'
     1>f:\cydex.data\mio\mio.c(207): warning C4996: 'strncpy': This function or variable may be unsafe. Consider using strncpy_s instead. To disable deprecation, use _CRT_SECURE_NO_WARNINGS. See online help for details.
                 d:\program files\microsoft visual studio 12.0\vc\include\string.h(195) : see declaration of 'strncpy'
     1>f:\cydex.data\mio\mio.c(210): warning C4996: 'strncpy': This function or variable may be unsafe. Consider using strncpy_s instead. To disable deprecation, use _CRT_SECURE_NO_WARNINGS. See online help for details.
                 d:\program files\microsoft visual studio 12.0\vc\include\string.h(195) : see declaration of 'strncpy'
     1>f:\cydex.data\mio\mio.c(231): warning C4996: 'fopen': This function or variable may be unsafe. Consider using fopen_s instead. To disable deprecation, use _CRT_SECURE_NO_WARNINGS. See online help for details.
                 d:\program files\microsoft visual studio 12.0\vc\include\stdio.h(211) : see declaration of 'fopen'
     1>f:\cydex.data\mio\mio.c(258): warning C4018: '<' : signed/unsigned mismatch
     1>f:\cydex.data\mio\mio.c(309): warning C4996: 'strncpy': This function or variable may be unsafe. Consider using strncpy_s instead. To disable deprecation, use _CRT_SECURE_NO_WARNINGS. See online help for details.
                 d:\program files\microsoft visual studio 12.0\vc\include\string.h(195) : see declaration of 'strncpy'
     1>f:\cydex.data\mio\mio.c(323): warning C4996: 'strncpy': This function or variable may be unsafe. Consider using strncpy_s instead. To disable deprecation, use _CRT_SECURE_NO_WARNINGS. See online help for details.
                 d:\program files\microsoft visual studio 12.0\vc\include\string.h(195) : see declaration of 'strncpy'
     1>f:\cydex.data\mio\mio.c(338): warning C4996: 'strncpy': This function or variable may be unsafe. Consider using strncpy_s instead. To disable deprecation, use _CRT_SECURE_NO_WARNINGS. See online help for details.
                 d:\program files\microsoft visual studio 12.0\vc\include\string.h(195) : see declaration of 'strncpy'
     1>f:\cydex.data\mio\mio.c(357): warning C4018: '<' : signed/unsigned mismatch
     1>f:\cydex.data\mio\mio.c(363): warning C4018: '<' : signed/unsigned mismatch
     1>f:\cydex.data\mio\mio.c(375): warning C4996: 'sprintf': This function or variable may be unsafe. Consider using sprintf_s instead. To disable deprecation, use _CRT_SECURE_NO_WARNINGS. See online help for details.
                 d:\program files\microsoft visual studio 12.0\vc\include\stdio.h(356) : see declaration of 'sprintf'
     1>f:\cydex.data\mio\mio.c(386): warning C4996: 'strncpy': This function or variable may be unsafe. Consider using strncpy_s instead. To disable deprecation, use _CRT_SECURE_NO_WARNINGS. See online help for details.
                 d:\program files\microsoft visual studio 12.0\vc\include\string.h(195) : see declaration of 'strncpy'
     1>f:\cydex.data\mio\mio.c(390): warning C4996: 'strncpy': This function or variable may be unsafe. Consider using strncpy_s instead. To disable deprecation, use _CRT_SECURE_NO_WARNINGS. See online help for details.
                 d:\program files\microsoft visual studio 12.0\vc\include\string.h(195) : see declaration of 'strncpy'
     1>f:\cydex.data\mio\mio.c(424): warning C4018: '<' : signed/unsigned mismatch
     1>f:\cydex.data\mio\mio.c(460): warning C4018: '<' : signed/unsigned mismatch
     1>f:\cydex.data\mio\mio.c(492): warning C4018: '<' : signed/unsigned mismatch
     1>f:\cydex.data\mio\mio.c(531): warning C4996: 'strncpy': This function or variable may be unsafe. Consider using strncpy_s instead. To disable deprecation, use _CRT_SECURE_NO_WARNINGS. See online help for details.
                 d:\program files\microsoft visual studio 12.0\vc\include\string.h(195) : see declaration of 'strncpy'
     1>f:\cydex.data\mio\mio.c(533): warning C4996: 'strncpy': This function or variable may be unsafe. Consider using strncpy_s instead. To disable deprecation, use _CRT_SECURE_NO_WARNINGS. See online help for details.
                 d:\program files\microsoft visual studio 12.0\vc\include\string.h(195) : see declaration of 'strncpy'
     1>f:\cydex.data\mio\mio.c(551): warning C4018: '<' : signed/unsigned mismatch
     1>f:\cydex.data\mio\mio.c(553): warning C4996: 'strncpy': This function or variable may be unsafe. Consider using strncpy_s instead. To disable deprecation, use _CRT_SECURE_NO_WARNINGS. See online help for details.
                 d:\program files\microsoft visual studio 12.0\vc\include\string.h(195) : see declaration of 'strncpy'
     1>f:\cydex.data\mio\mio.c(555): warning C4996: 'strncpy': This function or variable may be unsafe. Consider using strncpy_s instead. To disable deprecation, use _CRT_SECURE_NO_WARNINGS. See online help for details.
                 d:\program files\microsoft visual studio 12.0\vc\include\string.h(195) : see declaration of 'strncpy'
     1>f:\cydex.data\mio\mio.c(574): warning C4018: '<' : signed/unsigned mismatch
     1>f:\cydex.data\mio\mio.c(658): warning C4018: '<' : signed/unsigned mismatch
     1>f:\cydex.data\mio\mio.c(761): warning C4018: '<' : signed/unsigned mismatch
     1>f:\cydex.data\mio\mio.c(788): warning C4018: '<' : signed/unsigned mismatch
         file.c
     1>f:\cydex.data\mio\file.c(34): warning C4996: 'wcscpy': This function or variable may be unsafe. Consider using wcscpy_s instead. To disable deprecation, use _CRT_SECURE_NO_WARNINGS. See online help for details.
                 d:\program files\microsoft visual studio 12.0\vc\include\string.h(294) : see declaration of 'wcscpy'
     1>f:\cydex.data\mio\file.c(43): warning C4996: 'strncpy': This function or variable may be unsafe. Consider using strncpy_s instead. To disable deprecation, use _CRT_SECURE_NO_WARNINGS. See online help for details.
                 d:\program files\microsoft visual studio 12.0\vc\include\string.h(195) : see declaration of 'strncpy'
     1>f:\cydex.data\mio\file.c(64): warning C4996: 'strncpy': This function or variable may be unsafe. Consider using strncpy_s instead. To disable deprecation, use _CRT_SECURE_NO_WARNINGS. See online help for details.
                 d:\program files\microsoft visual studio 12.0\vc\include\string.h(195) : see declaration of 'strncpy'
     1>f:\cydex.data\mio\file.c(84): warning C4996: 'strncpy': This function or variable may be unsafe. Consider using strncpy_s instead. To disable deprecation, use _CRT_SECURE_NO_WARNINGS. See online help for details.
                 d:\program files\microsoft visual studio 12.0\vc\include\string.h(195) : see declaration of 'strncpy'
     1>f:\cydex.data\mio\file.c(103): warning C4996: 'strncpy': This function or variable may be unsafe. Consider using strncpy_s instead. To disable deprecation, use _CRT_SECURE_NO_WARNINGS. See online help for details.
                 d:\program files\microsoft visual studio 12.0\vc\include\string.h(195) : see declaration of 'strncpy'
     1>f:\cydex.data\mio\file.c(115): warning C4996: 'strncpy': This function or variable may be unsafe. Consider using strncpy_s instead. To disable deprecation, use _CRT_SECURE_NO_WARNINGS. See online help for details.
                 d:\program files\microsoft visual studio 12.0\vc\include\string.h(195) : see declaration of 'strncpy'
     1>f:\cydex.data\mio\file.c(153): warning C4996: 'strncpy': This function or variable may be unsafe. Consider using strncpy_s instead. To disable deprecation, use _CRT_SECURE_NO_WARNINGS. See online help for details.
                 d:\program files\microsoft visual studio 12.0\vc\include\string.h(195) : see declaration of 'strncpy'
     1>f:\cydex.data\mio\file.c(185): warning C4996: 'strncat': This function or variable may be unsafe. Consider using strncat_s instead. To disable deprecation, use _CRT_SECURE_NO_WARNINGS. See online help for details.
                 d:\program files\microsoft visual studio 12.0\vc\include\string.h(186) : see declaration of 'strncat'
     1>f:\cydex.data\mio\file.c(267): warning C4996: '_wfopen': This function or variable may be unsafe. Consider using _wfopen_s instead. To disable deprecation, use _CRT_SECURE_NO_WARNINGS. See online help for details.
                 d:\program files\microsoft visual studio 12.0\vc\include\stdio.h(590) : see declaration of '_wfopen'
     1>f:\cydex.data\mio\file.c(465): warning C4133: 'function' : incompatible types - from 'const char *' to 'LPCWSTR'
     1>f:\cydex.data\mio\file.c(476): warning C4554: '<<' : check operator precedence for possible error; use parentheses to clarify precedence
     1>f:\cydex.data\mio\file.c(498): warning C4996: 'strncpy': This function or variable may be unsafe. Consider using strncpy_s instead. To disable deprecation, use _CRT_SECURE_NO_WARNINGS. See online help for details.
                 d:\program files\microsoft visual studio 12.0\vc\include\string.h(195) : see declaration of 'strncpy'
     1>f:\cydex.data\mio\file.c(517): warning C4996: 'strncpy': This function or variable may be unsafe. Consider using strncpy_s instead. To disable deprecation, use _CRT_SECURE_NO_WARNINGS. See online help for details.
                 d:\program files\microsoft visual studio 12.0\vc\include\string.h(195) : see declaration of 'strncpy'
     1>f:\cydex.data\mio\file.c(530): warning C4996: 'strncpy': This function or variable may be unsafe. Consider using strncpy_s instead. To disable deprecation, use _CRT_SECURE_NO_WARNINGS. See online help for details.
                 d:\program files\microsoft visual studio 12.0\vc\include\string.h(195) : see declaration of 'strncpy'
     1>f:\cydex.data\mio\file.c(543): warning C4996: 'strncpy': This function or variable may be unsafe. Consider using strncpy_s instead. To disable deprecation, use _CRT_SECURE_NO_WARNINGS. See online help for details.
                 d:\program files\microsoft visual studio 12.0\vc\include\string.h(195) : see declaration of 'strncpy'
     1>f:\cydex.data\mio\file.c(545): warning C4996: 'strncpy': This function or variable may be unsafe. Consider using strncpy_s instead. To disable deprecation, use _CRT_SECURE_NO_WARNINGS. See online help for details.
                 d:\program files\microsoft visual studio 12.0\vc\include\string.h(195) : see declaration of 'strncpy'
     1>f:\cydex.data\mio\file.c(550): warning C4996: 'strncpy': This function or variable may be unsafe. Consider using strncpy_s instead. To disable deprecation, use _CRT_SECURE_NO_WARNINGS. See online help for details.
                 d:\program files\microsoft visual studio 12.0\vc\include\string.h(195) : see declaration of 'strncpy'
     1>f:\cydex.data\mio\file.c(560): warning C4996: 'sprintf': This function or variable may be unsafe. Consider using sprintf_s instead. To disable deprecation, use _CRT_SECURE_NO_WARNINGS. See online help for details.
                 d:\program files\microsoft visual studio 12.0\vc\include\stdio.h(356) : see declaration of 'sprintf'
     1>f:\cydex.data\mio\file.c(561): warning C4996: 'strcat': This function or variable may be unsafe. Consider using strcat_s instead. To disable deprecation, use _CRT_SECURE_NO_WARNINGS. See online help for details.
                 d:\program files\microsoft visual studio 12.0\vc\include\string.h(118) : see declaration of 'strcat'
     1>f:\cydex.data\mio\file.c(562): warning C4996: 'strcat': This function or variable may be unsafe. Consider using strcat_s instead. To disable deprecation, use _CRT_SECURE_NO_WARNINGS. See online help for details.
                 d:\program files\microsoft visual studio 12.0\vc\include\string.h(118) : see declaration of 'strcat'
     1>f:\cydex.data\mio\file.c(563): warning C4996: 'strcat': This function or variable may be unsafe. Consider using strcat_s instead. To disable deprecation, use _CRT_SECURE_NO_WARNINGS. See online help for details.
                 d:\program files\microsoft visual studio 12.0\vc\include\string.h(118) : see declaration of 'strcat'
         Generating Code...
       Link:
         D:\Program Files\Microsoft Visual Studio 12.0\VC\bin\link.exe /ERRORREPORT:PROMPT /OUT:"F:\cydex.data\mio\winbuild\Debug\mio.dll" /INCREMENTAL /NOLOGO /LIBPATH:pthread\libs /LIBPATH:"D:\Program Files (x86)\Visual Leak Detector\lib\Win32" ws2_32.lib pthreadVC2.lib kernel32.lib user32.lib gdi32.lib winspool.lib comdlg32.lib advapi32.lib shell32.lib ole32.lib oleaut32.lib uuid.lib odbc32.lib odbccp32.lib /MANIFEST /MANIFESTUAC:"level='asInvoker' uiAccess='false'" /manifest:embed /DEBUG /PDB:"F:\cydex.data\mio\winbuild\Debug\mio.pdb" /SUBSYSTEM:WINDOWS /TLBID:1 /DYNAMICBASE /NXCOMPAT /IMPLIB:"F:\cydex.data\mio\winbuild\Debug\mio.lib" /MACHINE:X86 /DLL Debug\file.obj
         Debug\mio.obj
         Debug\threadpoll.obj
         Debug\tlv.obj
            Creating library F:\cydex.data\mio\winbuild\Debug\mio.lib and object F:\cydex.data\mio\winbuild\Debug\mio.exp
         mio.vcxproj -> F:\cydex.data\mio\winbuild\Debug\mio.dll
     1>Done Building Project "F:\cydex.data\mio\winbuild\mio.vcxproj" (Rebuild target(s)).

Build succeeded.

Time Elapsed 00:00:00.79
