c:\users\dell\desktop\mio\winbuild\debug\vc120.pdb
c:\users\dell\desktop\mio\winbuild\debug\vc120.idb
c:\users\dell\desktop\mio\winbuild\debug\file.obj
c:\users\dell\desktop\mio\winbuild\debug\mio.obj
c:\users\dell\desktop\mio\winbuild\debug\threadpoll.obj
c:\users\dell\desktop\mio\winbuild\debug\tlv.obj
c:\users\dell\desktop\mio\winbuild\debug\mio.ilk
c:\users\dell\desktop\mio\winbuild\debug\mio.dll
c:\users\dell\desktop\mio\winbuild\debug\mio.pdb
c:\users\dell\desktop\mio\winbuild\debug\mio.lib
c:\users\dell\desktop\mio\winbuild\debug\mio.exp
e:\baiduyundownload\mio\winbuild\debug\file.obj
e:\baiduyundownload\mio\winbuild\debug\mio.obj
e:\baiduyundownload\mio\winbuild\debug\threadpoll.obj
e:\baiduyundownload\mio\winbuild\debug\tlv.obj
e:\baiduyundownload\mio\winbuild\debug\mio.ilk
e:\baiduyundownload\mio\winbuild\debug\mio.exp
e:\baiduyundownload\mio\winbuild\debug\vc120.idb
e:\baiduyundownload\mio\winbuild\debug\mio.pdb
e:\baiduyundownload\mio\winbuild\debug\vc120.pdb
e:\baiduyundownload\mio\winbuild\debug\mio.dll
e:\baiduyundownload\mio\winbuild\debug\mio.tlog\cl.command.1.tlog
e:\baiduyundownload\mio\winbuild\debug\mio.tlog\cl.read.1.tlog
e:\baiduyundownload\mio\winbuild\debug\mio.tlog\cl.write.1.tlog
e:\baiduyundownload\mio\winbuild\debug\mio.tlog\link.command.1.tlog
e:\baiduyundownload\mio\winbuild\debug\mio.tlog\link.read.1.tlog
e:\baiduyundownload\mio\winbuild\debug\mio.tlog\link.write.1.tlog
e:\baiduyundownload\mio\winbuild\debug\mio.tlog\mio.write.1u.tlog
