c:\users\dell\desktop\mio\winbuild\release\vc120.pdb
c:\users\dell\desktop\mio\winbuild\release\tlv.obj
c:\users\dell\desktop\mio\winbuild\release\threadpoll.obj
c:\users\dell\desktop\mio\winbuild\release\mio.obj
c:\users\dell\desktop\mio\winbuild\release\file.obj
c:\users\dell\desktop\mio\winbuild\release\mio.dll
c:\users\dell\desktop\mio\winbuild\release\mio.pdb
c:\users\dell\desktop\mio\winbuild\release\mio.lib
c:\users\dell\desktop\mio\winbuild\release\mio.exp
e:\baiduyundownload\mio\winbuild\release\file.obj
e:\baiduyundownload\mio\winbuild\release\mio.obj
e:\baiduyundownload\mio\winbuild\release\threadpoll.obj
e:\baiduyundownload\mio\winbuild\release\tlv.obj
e:\baiduyundownload\mio\winbuild\release\mio.exp
e:\baiduyundownload\mio\winbuild\release\mio.pdb
e:\baiduyundownload\mio\winbuild\release\vc120.pdb
e:\baiduyundownload\mio\winbuild\release\mio.dll
e:\baiduyundownload\mio\winbuild\release\mio.tlog\cl.command.1.tlog
e:\baiduyundownload\mio\winbuild\release\mio.tlog\cl.read.1.tlog
e:\baiduyundownload\mio\winbuild\release\mio.tlog\cl.write.1.tlog
e:\baiduyundownload\mio\winbuild\release\mio.tlog\link.command.1.tlog
e:\baiduyundownload\mio\winbuild\release\mio.tlog\link.read.1.tlog
e:\baiduyundownload\mio\winbuild\release\mio.tlog\link.write.1.tlog
e:\baiduyundownload\mio\winbuild\release\mio.tlog\mio.write.1u.tlog
